# JRE version: Java(TM) SE Runtime Environment (8.0_91-b14) (build 1.8.0_91-b14)
# Java VM: Java HotSpot(TM) 64-Bit Server VM (25.91-b14 mixed mode windows-amd64 compressed oops)
Heap:
 PSYoungGen      total 198144K, used 109618K [0x00000000d5f00000, 0x00000000e3200000, 0x0000000100000000)
  eden space 183296K, 55% used [0x00000000d5f00000,0x00000000dc18fda8,0x00000000e1200000)
  from space 14848K, 58% used [0x00000000e1200000,0x00000000e1a7cc80,0x00000000e2080000)
  to   space 12288K, 0% used [0x00000000e2080000,0x00000000e2080000,0x00000000e2c80000)
 ParOldGen       total 86016K, used 27155K [0x0000000081c00000, 0x0000000087000000, 0x00000000d5f00000)
  object space 86016K, 31% used [0x0000000081c00000,0x0000000083684da8,0x0000000087000000)
 Metaspace       used 46054K, capacity 48288K, committed 48384K, reserved 1091584K
  class space    used 6450K, capacity 6862K, committed 6912K, reserved 1048576K
GC Heap History (10 events):
Event: 7.802 GC heap before
{Heap before GC invocations=9 (full 1):
 PSYoungGen      total 119808K, used 119782K [0x00000000d5f00000, 0x00000000e2c80000, 0x0000000100000000)
  eden space 109056K, 100% used [0x00000000d5f00000,0x00000000dc980000,0x00000000dc980000)
  from space 10752K, 99% used [0x00000000dc980000,0x00000000dd3f9840,0x00000000dd400000)
  to   space 12288K, 0% used [0x00000000e2080000,0x00000000e2080000,0x00000000e2c80000)
 ParOldGen       total 60928K, used 11235K [0x0000000081c00000, 0x0000000085780000, 0x00000000d5f00000)
  object space 60928K, 18% used [0x0000000081c00000,0x00000000826f8fa0,0x0000000085780000)
 Metaspace       used 33208K, capacity 34884K, committed 35072K, reserved 1079296K
  class space    used 4528K, capacity 4858K, committed 4864K, reserved 1048576K
Event: 7.814 GC heap after
Heap after GC invocations=9 (full 1):
 PSYoungGen      total 195584K, used 12286K [0x00000000d5f00000, 0x00000000e3200000, 0x0000000100000000)
  eden space 183296K, 0% used [0x00000000d5f00000,0x00000000d5f00000,0x00000000e1200000)
  from space 12288K, 99% used [0x00000000e2080000,0x00000000e2c7fa00,0x00000000e2c80000)
  to   space 14848K, 0% used [0x00000000e1200000,0x00000000e1200000,0x00000000e2080000)
 ParOldGen       total 60928K, used 13416K [0x0000000081c00000, 0x0000000085780000, 0x00000000d5f00000)
  object space 60928K, 22% used [0x0000000081c00000,0x000000008291a208,0x0000000085780000)
 Metaspace       used 33208K, capacity 34884K, committed 35072K, reserved 1079296K
  class space    used 4528K, capacity 4858K, committed 4864K, reserved 1048576K
}
Event: 7.947 GC heap before
{Heap before GC invocations=10 (full 1):
 PSYoungGen      total 195584K, used 37173K [0x00000000d5f00000, 0x00000000e3200000, 0x0000000100000000)
  eden space 183296K, 13% used [0x00000000d5f00000,0x00000000d774dd40,0x00000000e1200000)
  from space 12288K, 99% used [0x00000000e2080000,0x00000000e2c7fa00,0x00000000e2c80000)
  to   space 14848K, 0% used [0x00000000e1200000,0x00000000e1200000,0x00000000e2080000)
 ParOldGen       total 60928K, used 13416K [0x0000000081c00000, 0x0000000085780000, 0x00000000d5f00000)
  object space 60928K, 22% used [0x0000000081c00000,0x000000008291a208,0x0000000085780000)
 Metaspace       used 33727K, capacity 35392K, committed 35456K, reserved 1079296K
  class space    used 4616K, capacity 4974K, committed 4992K, reserved 1048576K
Event: 7.957 GC heap after
Heap after GC invocations=10 (full 1):
 PSYoungGen      total 198144K, used 10056K [0x00000000d5f00000, 0x00000000e3200000, 0x0000000100000000)
  eden space 183296K, 0% used [0x00000000d5f00000,0x00000000d5f00000,0x00000000e1200000)
  from space 14848K, 67% used [0x00000000e1200000,0x00000000e1bd2020,0x00000000e2080000)
  to   space 12288K, 0% used [0x00000000e2080000,0x00000000e2080000,0x00000000e2c80000)
 ParOldGen       total 60928K, used 17859K [0x0000000081c00000, 0x0000000085780000, 0x00000000d5f00000)
  object space 60928K, 29% used [0x0000000081c00000,0x0000000082d70e00,0x0000000085780000)
 Metaspace       used 33727K, capacity 35392K, committed 35456K, reserved 1079296K
  class space    used 4616K, capacity 4974K, committed 4992K, reserved 1048576K
}
Event: 7.957 GC heap before
{Heap before GC invocations=11 (full 2):
 PSYoungGen      total 198144K, used 10056K [0x00000000d5f00000, 0x00000000e3200000, 0x0000000100000000)
  eden space 183296K, 0% used [0x00000000d5f00000,0x00000000d5f00000,0x00000000e1200000)
  from space 14848K, 67% used [0x00000000e1200000,0x00000000e1bd2020,0x00000000e2080000)
  to   space 12288K, 0% used [0x00000000e2080000,0x00000000e2080000,0x00000000e2c80000)
 ParOldGen       total 60928K, used 17859K [0x0000000081c00000, 0x0000000085780000, 0x00000000d5f00000)
  object space 60928K, 29% used [0x0000000081c00000,0x0000000082d70e00,0x0000000085780000)
 Metaspace       used 33727K, capacity 35392K, committed 35456K, reserved 1079296K
  class space    used 4616K, capacity 4974K, committed 4992K, reserved 1048576K
Event: 8.024 GC heap after
Heap after GC invocations=11 (full 2):
 PSYoungGen      total 198144K, used 0K [0x00000000d5f00000, 0x00000000e3200000, 0x0000000100000000)
  eden space 183296K, 0% used [0x00000000d5f00000,0x00000000d5f00000,0x00000000e1200000)
  from space 14848K, 0% used [0x00000000e1200000,0x00000000e1200000,0x00000000e2080000)
  to   space 12288K, 0% used [0x00000000e2080000,0x00000000e2080000,0x00000000e2c80000)
 ParOldGen       total 86016K, used 22697K [0x0000000081c00000, 0x0000000087000000, 0x00000000d5f00000)
  object space 86016K, 26% used [0x0000000081c00000,0x000000008322a580,0x0000000087000000)
 Metaspace       used 33727K, capacity 35392K, committed 35456K, reserved 1079296K
  class space    used 4616K, capacity 4974K, committed 4992K, reserved 1048576K
}
Event: 12.190 GC heap before
{Heap before GC invocations=12 (full 2):
 PSYoungGen      total 198144K, used 183296K [0x00000000d5f00000, 0x00000000e3200000, 0x0000000100000000)
  eden space 183296K, 100% used [0x00000000d5f00000,0x00000000e1200000,0x00000000e1200000)
  from space 14848K, 0% used [0x00000000e1200000,0x00000000e1200000,0x00000000e2080000)
  to   space 12288K, 0% used [0x00000000e2080000,0x00000000e2080000,0x00000000e2c80000)
 ParOldGen       total 86016K, used 22697K [0x0000000081c00000, 0x0000000087000000, 0x00000000d5f00000)
  object space 86016K, 26% used [0x0000000081c00000,0x000000008322a580,0x0000000087000000)
 Metaspace       used 37461K, capacity 39220K, committed 39424K, reserved 1083392K
  class space    used 5200K, capacity 5566K, committed 5632K, reserved 1048576K
Event: 12.196 GC heap after
Heap after GC invocations=12 (full 2):
 PSYoungGen      total 195584K, used 7320K [0x00000000d5f00000, 0x00000000e3200000, 0x0000000100000000)
  eden space 183296K, 0% used [0x00000000d5f00000,0x00000000d5f00000,0x00000000e1200000)
  from space 12288K, 59% used [0x00000000e2080000,0x00000000e27a60b8,0x00000000e2c80000)
  to   space 14848K, 0% used [0x00000000e1200000,0x00000000e1200000,0x00000000e2080000)
 ParOldGen       total 86016K, used 22705K [0x0000000081c00000, 0x0000000087000000, 0x00000000d5f00000)
  object space 86016K, 26% used [0x0000000081c00000,0x000000008322c580,0x0000000087000000)
 Metaspace       used 37461K, capacity 39220K, committed 39424K, reserved 1083392K
  class space    used 5200K, capacity 5566K, committed 5632K, reserved 1048576K
}
Event: 13.280 GC heap before
{Heap before GC invocations=13 (full 2):
 PSYoungGen      total 195584K, used 190616K [0x00000000d5f00000, 0x00000000e3200000, 0x0000000100000000)
  eden space 183296K, 100% used [0x00000000d5f00000,0x00000000e1200000,0x00000000e1200000)
  from space 12288K, 59% used [0x00000000e2080000,0x00000000e27a60b8,0x00000000e2c80000)
  to   space 14848K, 0% used [0x00000000e1200000,0x00000000e1200000,0x00000000e2080000)
 ParOldGen       total 86016K, used 22705K [0x0000000081c00000, 0x0000000087000000, 0x00000000d5f00000)
  object space 86016K, 26% used [0x0000000081c00000,0x000000008322c580,0x0000000087000000)
 Metaspace       used 42167K, capacity 44294K, committed 44544K, reserved 1087488K
  class space    used 5938K, capacity 6333K, committed 6400K, reserved 1048576K
Event: 13.289 GC heap after
Heap after GC invocations=13 (full 2):
 PSYoungGen      total 198144K, used 8691K [0x00000000d5f00000, 0x00000000e3200000, 0x0000000100000000)
  eden space 183296K, 0% used [0x00000000d5f00000,0x00000000d5f00000,0x00000000e1200000)
  from space 14848K, 58% used [0x00000000e1200000,0x00000000e1a7cc80,0x00000000e2080000)
  to   space 12288K, 0% used [0x00000000e2080000,0x00000000e2080000,0x00000000e2c80000)
 ParOldGen       total 86016K, used 27155K [0x0000000081c00000, 0x0000000087000000, 0x00000000d5f00000)
  object space 86016K, 31% used [0x0000000081c00000,0x0000000083684da8,0x0000000087000000)
 Metaspace       used 42167K, capacity 44294K, committed 44544K, reserved 1087488K
  class space    used 5938K, capacity 6333K, committed 6400K, reserved 1048576K
}

